2023-02-07 15:59:44.740 [info] Log level: Info
2023-02-07 15:59:44.741 [info] Validating found git in: "git"
2023-02-07 15:59:44.741 [info] Using git "2.39.1" from "git"
2023-02-07 15:59:44.741 [info] > git rev-parse --show-toplevel [5ms]
2023-02-07 15:59:44.741 [info] > git rev-parse --git-dir --git-common-dir [3ms]
2023-02-07 15:59:44.741 [info] Open repository: /home/amgad/Projects/InsurLink
2023-02-07 15:59:44.741 [info] > git rev-parse --show-toplevel [6ms]
2023-02-07 15:59:44.741 [info] > git rev-parse --show-toplevel [9ms]
2023-02-07 15:59:44.741 [info] > git config --get commit.template [19ms]
2023-02-07 15:59:44.741 [info] > git rev-parse --show-toplevel [26ms]
2023-02-07 15:59:44.741 [info] > git rev-parse --show-toplevel [31ms]
2023-02-07 15:59:44.741 [info] > git for-each-ref --format=%(refname)%00%(upstream:short)%00%(objectname)%00%(upstream:track)%00%(upstream:remotename)%00%(upstream:remoteref) refs/heads/master refs/remotes/master [5ms]
2023-02-07 15:59:44.760 [info] > git for-each-ref --sort -committerdate --format %(refname) %(objectname) %(*objectname) [7ms]
2023-02-07 15:59:44.876 [info] > git status -z -uall [129ms]
2023-02-07 15:59:44.899 [info] > git config --get commit.template [6ms]
2023-02-07 15:59:44.900 [info] > git for-each-ref --format=%(refname)%00%(upstream:short)%00%(objectname)%00%(upstream:track)%00%(upstream:remotename)%00%(upstream:remoteref) refs/heads/master refs/remotes/master [2ms]
2023-02-07 15:59:44.913 [info] > git for-each-ref --sort -committerdate --format %(refname) %(objectname) %(*objectname) [3ms]
2023-02-07 15:59:44.988 [info] > git status -z -uall [84ms]
2023-02-07 15:59:45.227 [info] > git check-ignore -v -z --stdin [2ms]
2023-02-07 16:00:37.949 [info] > git config --get commit.template [2ms]
2023-02-07 16:00:37.956 [info] > git for-each-ref --format=%(refname)%00%(upstream:short)%00%(objectname)%00%(upstream:track)%00%(upstream:remotename)%00%(upstream:remoteref) refs/heads/master refs/remotes/master [2ms]
2023-02-07 16:00:37.975 [info] > git for-each-ref --sort -committerdate --format %(refname) %(objectname) %(*objectname) [2ms]
2023-02-07 16:00:38.031 [info] > git status -z -uall [67ms]
2023-02-07 16:09:25.981 [info] > git config --get commit.template [2ms]
2023-02-07 16:09:25.989 [info] > git for-each-ref --format=%(refname)%00%(upstream:short)%00%(objectname)%00%(upstream:track)%00%(upstream:remotename)%00%(upstream:remoteref) refs/heads/master refs/remotes/master [3ms]
2023-02-07 16:09:26.003 [info] > git for-each-ref --sort -committerdate --format %(refname) %(objectname) %(*objectname) [2ms]
2023-02-07 16:09:26.059 [info] > git status -z -uall [63ms]
2023-02-07 16:09:31.082 [info] > git config --get commit.template [2ms]
2023-02-07 16:09:31.087 [info] > git for-each-ref --format=%(refname)%00%(upstream:short)%00%(objectname)%00%(upstream:track)%00%(upstream:remotename)%00%(upstream:remoteref) refs/heads/master refs/remotes/master [1ms]
2023-02-07 16:09:31.098 [info] > git for-each-ref --sort -committerdate --format %(refname) %(objectname) %(*objectname) [2ms]
2023-02-07 16:09:31.149 [info] > git status -z -uall [58ms]
