2023-02-12 13:29:24.277 [info] Log level: Info
2023-02-12 13:29:24.278 [info] Validating found git in: "git"
2023-02-12 13:29:24.278 [info] Using git "2.39.1" from "git"
2023-02-12 13:29:24.278 [info] > git rev-parse --show-toplevel [4ms]
2023-02-12 13:29:24.278 [info] fatal: not a git repository (or any parent up to mount point /)
Stopping at filesystem boundary (GIT_DISCOVERY_ACROSS_FILESYSTEM not set).
2023-02-12 13:29:24.278 [info] > git rev-parse --show-toplevel [15ms]
2023-02-12 13:29:24.278 [info] fatal: not a git repository (or any parent up to mount point /)
Stopping at filesystem boundary (GIT_DISCOVERY_ACROSS_FILESYSTEM not set).
2023-02-12 13:29:24.278 [info] > git rev-parse --show-toplevel [10ms]
2023-02-12 13:29:24.278 [info] fatal: not a git repository (or any parent up to mount point /)
Stopping at filesystem boundary (GIT_DISCOVERY_ACROSS_FILESYSTEM not set).
2023-02-12 13:29:24.310 [info] > git rev-parse --show-toplevel [4ms]
2023-02-12 13:29:24.310 [info] fatal: not a git repository (or any parent up to mount point /)
Stopping at filesystem boundary (GIT_DISCOVERY_ACROSS_FILESYSTEM not set).
2023-02-12 13:29:24.363 [info] > git rev-parse --show-toplevel [42ms]
2023-02-12 13:29:24.363 [info] fatal: not a git repository (or any parent up to mount point /)
Stopping at filesystem boundary (GIT_DISCOVERY_ACROSS_FILESYSTEM not set).
2023-02-12 13:29:24.382 [info] > git rev-parse --show-toplevel [10ms]
2023-02-12 13:29:24.382 [info] fatal: not a git repository (or any parent up to mount point /)
Stopping at filesystem boundary (GIT_DISCOVERY_ACROSS_FILESYSTEM not set).
2023-02-12 13:29:24.391 [info] > git rev-parse --show-toplevel [1ms]
2023-02-12 13:29:24.391 [info] fatal: not a git repository (or any parent up to mount point /)
Stopping at filesystem boundary (GIT_DISCOVERY_ACROSS_FILESYSTEM not set).
2023-02-12 13:29:24.402 [info] > git rev-parse --show-toplevel [3ms]
2023-02-12 13:29:24.402 [info] fatal: not a git repository (or any parent up to mount point /)
Stopping at filesystem boundary (GIT_DISCOVERY_ACROSS_FILESYSTEM not set).
2023-02-12 13:29:24.412 [info] > git rev-parse --show-toplevel [2ms]
2023-02-12 13:29:24.412 [info] fatal: not a git repository (or any parent up to mount point /)
Stopping at filesystem boundary (GIT_DISCOVERY_ACROSS_FILESYSTEM not set).
2023-02-12 13:29:24.433 [info] > git rev-parse --show-toplevel [10ms]
2023-02-12 13:29:24.434 [info] fatal: not a git repository (or any parent up to mount point /)
Stopping at filesystem boundary (GIT_DISCOVERY_ACROSS_FILESYSTEM not set).
2023-02-12 13:29:24.452 [info] > git rev-parse --show-toplevel [8ms]
2023-02-12 13:29:24.452 [info] fatal: not a git repository (or any parent up to mount point /)
Stopping at filesystem boundary (GIT_DISCOVERY_ACROSS_FILESYSTEM not set).
2023-02-12 13:29:24.464 [info] > git rev-parse --show-toplevel [4ms]
2023-02-12 13:29:24.464 [info] fatal: not a git repository (or any parent up to mount point /)
Stopping at filesystem boundary (GIT_DISCOVERY_ACROSS_FILESYSTEM not set).
2023-02-12 13:29:24.475 [info] > git rev-parse --show-toplevel [2ms]
2023-02-12 13:29:24.475 [info] fatal: not a git repository (or any parent up to mount point /)
Stopping at filesystem boundary (GIT_DISCOVERY_ACROSS_FILESYSTEM not set).
2023-02-12 13:29:24.483 [info] > git rev-parse --show-toplevel [1ms]
2023-02-12 13:29:24.483 [info] fatal: not a git repository (or any parent up to mount point /)
Stopping at filesystem boundary (GIT_DISCOVERY_ACROSS_FILESYSTEM not set).
2023-02-12 13:29:24.493 [info] > git rev-parse --show-toplevel [3ms]
2023-02-12 13:29:24.493 [info] fatal: not a git repository (or any parent up to mount point /)
Stopping at filesystem boundary (GIT_DISCOVERY_ACROSS_FILESYSTEM not set).
2023-02-12 13:29:24.500 [info] > git rev-parse --show-toplevel [1ms]
2023-02-12 13:29:24.500 [info] fatal: not a git repository (or any parent up to mount point /)
Stopping at filesystem boundary (GIT_DISCOVERY_ACROSS_FILESYSTEM not set).
2023-02-12 13:29:24.505 [info] > git rev-parse --show-toplevel [1ms]
2023-02-12 13:29:24.505 [info] fatal: not a git repository (or any parent up to mount point /)
Stopping at filesystem boundary (GIT_DISCOVERY_ACROSS_FILESYSTEM not set).
2023-02-12 13:29:24.512 [info] > git rev-parse --show-toplevel [1ms]
2023-02-12 13:29:24.512 [info] fatal: not a git repository (or any parent up to mount point /)
Stopping at filesystem boundary (GIT_DISCOVERY_ACROSS_FILESYSTEM not set).
2023-02-12 13:29:24.518 [info] > git rev-parse --show-toplevel [2ms]
2023-02-12 13:29:24.518 [info] fatal: not a git repository (or any parent up to mount point /)
Stopping at filesystem boundary (GIT_DISCOVERY_ACROSS_FILESYSTEM not set).
2023-02-12 13:29:24.525 [info] > git rev-parse --show-toplevel [2ms]
2023-02-12 13:29:24.525 [info] fatal: not a git repository (or any parent up to mount point /)
Stopping at filesystem boundary (GIT_DISCOVERY_ACROSS_FILESYSTEM not set).
2023-02-12 13:29:24.533 [info] > git rev-parse --show-toplevel [4ms]
2023-02-12 13:29:24.533 [info] fatal: not a git repository (or any parent up to mount point /)
Stopping at filesystem boundary (GIT_DISCOVERY_ACROSS_FILESYSTEM not set).
2023-02-12 13:29:24.541 [info] > git rev-parse --show-toplevel [3ms]
2023-02-12 13:29:24.542 [info] fatal: not a git repository (or any parent up to mount point /)
Stopping at filesystem boundary (GIT_DISCOVERY_ACROSS_FILESYSTEM not set).
2023-02-12 13:29:24.550 [info] > git rev-parse --show-toplevel [4ms]
2023-02-12 13:29:24.550 [info] fatal: not a git repository (or any parent up to mount point /)
Stopping at filesystem boundary (GIT_DISCOVERY_ACROSS_FILESYSTEM not set).
2023-02-12 13:29:24.564 [info] > git rev-parse --show-toplevel [8ms]
2023-02-12 13:29:24.564 [info] fatal: not a git repository (or any parent up to mount point /)
Stopping at filesystem boundary (GIT_DISCOVERY_ACROSS_FILESYSTEM not set).
2023-02-12 13:29:24.571 [info] > git rev-parse --show-toplevel [2ms]
2023-02-12 13:29:24.571 [info] fatal: not a git repository (or any parent up to mount point /)
Stopping at filesystem boundary (GIT_DISCOVERY_ACROSS_FILESYSTEM not set).
2023-02-12 13:29:24.684 [info] > git rev-parse --show-toplevel [3ms]
2023-02-12 13:29:24.684 [info] fatal: not a git repository (or any parent up to mount point /)
Stopping at filesystem boundary (GIT_DISCOVERY_ACROSS_FILESYSTEM not set).
2023-02-12 13:29:24.945 [info] > git rev-parse --show-toplevel [2ms]
2023-02-12 13:29:24.945 [info] fatal: not a git repository (or any parent up to mount point /)
Stopping at filesystem boundary (GIT_DISCOVERY_ACROSS_FILESYSTEM not set).
2023-02-12 13:29:25.235 [info] > git rev-parse --show-toplevel [2ms]
2023-02-12 13:29:25.235 [info] fatal: not a git repository (or any parent up to mount point /)
Stopping at filesystem boundary (GIT_DISCOVERY_ACROSS_FILESYSTEM not set).
2023-02-12 13:29:44.097 [info] > git rev-parse --show-toplevel [1ms]
2023-02-12 13:29:44.097 [info] fatal: not a git repository (or any parent up to mount point /)
Stopping at filesystem boundary (GIT_DISCOVERY_ACROSS_FILESYSTEM not set).
2023-02-12 13:32:24.162 [info] > git rev-parse --show-toplevel [3ms]
2023-02-12 13:32:24.162 [info] fatal: not a git repository (or any parent up to mount point /)
Stopping at filesystem boundary (GIT_DISCOVERY_ACROSS_FILESYSTEM not set).
2023-02-12 13:32:46.720 [info] > git rev-parse --show-toplevel [1ms]
2023-02-12 13:32:46.720 [info] fatal: not a git repository (or any parent up to mount point /)
Stopping at filesystem boundary (GIT_DISCOVERY_ACROSS_FILESYSTEM not set).
2023-02-12 14:54:41.163 [info] > git rev-parse --show-toplevel [1ms]
2023-02-12 14:54:41.163 [info] fatal: not a git repository (or any parent up to mount point /)
Stopping at filesystem boundary (GIT_DISCOVERY_ACROSS_FILESYSTEM not set).
2023-02-12 14:54:42.296 [info] > git rev-parse --show-toplevel [1ms]
2023-02-12 14:54:42.296 [info] fatal: not a git repository (or any parent up to mount point /)
Stopping at filesystem boundary (GIT_DISCOVERY_ACROSS_FILESYSTEM not set).
2023-02-12 14:54:43.771 [info] > git rev-parse --show-toplevel [2ms]
2023-02-12 14:54:43.771 [info] fatal: not a git repository (or any parent up to mount point /)
Stopping at filesystem boundary (GIT_DISCOVERY_ACROSS_FILESYSTEM not set).
2023-02-12 14:59:47.850 [info] > git rev-parse --show-toplevel [1ms]
2023-02-12 14:59:47.850 [info] fatal: not a git repository (or any parent up to mount point /)
Stopping at filesystem boundary (GIT_DISCOVERY_ACROSS_FILESYSTEM not set).
2023-02-12 15:25:01.229 [info] > git rev-parse --show-toplevel [1ms]
2023-02-12 15:25:01.229 [info] fatal: not a git repository (or any parent up to mount point /)
Stopping at filesystem boundary (GIT_DISCOVERY_ACROSS_FILESYSTEM not set).
2023-02-12 15:25:02.605 [info] > git rev-parse --show-toplevel [1ms]
2023-02-12 15:25:02.605 [info] fatal: not a git repository (or any parent up to mount point /)
Stopping at filesystem boundary (GIT_DISCOVERY_ACROSS_FILESYSTEM not set).
2023-02-12 15:25:12.188 [info] > git rev-parse --show-toplevel [2ms]
2023-02-12 15:26:14.497 [info] > git rev-parse --show-toplevel [2ms]
2023-02-12 15:26:14.498 [info] fatal: not a git repository (or any parent up to mount point /)
Stopping at filesystem boundary (GIT_DISCOVERY_ACROSS_FILESYSTEM not set).
2023-02-12 15:26:24.521 [info] > git rev-parse --show-toplevel [1ms]
2023-02-12 15:26:24.521 [info] fatal: not a git repository (or any parent up to mount point /)
Stopping at filesystem boundary (GIT_DISCOVERY_ACROSS_FILESYSTEM not set).
2023-02-12 15:26:38.950 [info] > git rev-parse --show-toplevel [2ms]
2023-02-12 15:26:38.950 [info] fatal: not a git repository (or any parent up to mount point /)
Stopping at filesystem boundary (GIT_DISCOVERY_ACROSS_FILESYSTEM not set).
