2023-02-12 15:32:14.195 [info] Log level: Info
2023-02-12 15:32:14.195 [info] Validating found git in: "git"
2023-02-12 15:32:14.195 [info] Using git "2.39.1" from "git"
2023-02-12 15:32:14.199 [info] > git rev-parse --show-toplevel [4ms]
2023-02-12 15:32:14.222 [info] > git rev-parse --git-dir --git-common-dir [6ms]
2023-02-12 15:32:14.238 [info] Open repository: /home/amgad/beauty-dark-i3
2023-02-12 15:32:14.275 [info] > git rev-parse --show-toplevel [29ms]
2023-02-12 15:32:14.319 [info] > git rev-parse --show-toplevel [39ms]
2023-02-12 15:32:14.325 [info] > git config --get commit.template [50ms]
2023-02-12 15:32:14.332 [info] > git rev-parse --show-toplevel [8ms]
2023-02-12 15:32:14.345 [info] > git rev-parse --show-toplevel [9ms]
2023-02-12 15:32:14.351 [info] > git for-each-ref --format=%(refname)%00%(upstream:short)%00%(objectname)%00%(upstream:track)%00%(upstream:remotename)%00%(upstream:remoteref) refs/heads/main refs/remotes/main [7ms]
2023-02-12 15:32:14.373 [info] > git status -z -uall [16ms]
2023-02-12 15:32:14.374 [info] > git for-each-ref --sort -committerdate --format %(refname) %(objectname) %(*objectname) [9ms]
2023-02-12 15:32:14.383 [info] > git rev-parse --show-toplevel [33ms]
2023-02-12 15:32:14.394 [info] > git config --get commit.template [5ms]
2023-02-12 15:32:14.395 [info] > git for-each-ref --format=%(refname)%00%(upstream:short)%00%(objectname)%00%(upstream:track)%00%(upstream:remotename)%00%(upstream:remoteref) refs/heads/main refs/remotes/main [2ms]
2023-02-12 15:32:14.406 [info] > git status -z -uall [7ms]
2023-02-12 15:32:14.407 [info] > git for-each-ref --sort -committerdate --format %(refname) %(objectname) %(*objectname) [0ms]
2023-02-12 15:32:14.779 [info] > git check-ignore -v -z --stdin [2ms]
2023-02-12 15:32:30.470 [info] > git check-ignore -v -z --stdin [1ms]
2023-02-12 15:32:34.061 [info] > git show --textconv :picom/picom.conf [11ms]
2023-02-12 15:32:34.062 [info] > git ls-files --stage -- /home/amgad/beauty-dark-i3/picom/picom.conf [1ms]
2023-02-12 15:32:34.067 [info] > git cat-file -s efc20baef0221f7c66b03a1ba079435d52dc7879 [1ms]
2023-02-12 15:32:53.989 [info] > git check-ignore -v -z --stdin [2ms]
2023-02-12 15:32:54.651 [info] > git show --textconv :polybar/config.ini [10ms]
2023-02-12 15:32:54.653 [info] > git ls-files --stage -- /home/amgad/beauty-dark-i3/polybar/config.ini [3ms]
2023-02-12 15:32:54.660 [info] > git cat-file -s 08158f394d828f3a1a9e58e58420f04dba6b8e94 [2ms]
2023-02-12 15:32:55.832 [info] > git show --textconv :polybar/launch.sh [10ms]
2023-02-12 15:32:55.834 [info] > git ls-files --stage -- /home/amgad/beauty-dark-i3/polybar/launch.sh [3ms]
2023-02-12 15:32:55.841 [info] > git cat-file -s 7bab9a2533655237eb71fd44f3766eaf5e5a6c77 [2ms]
2023-02-12 15:33:01.539 [info] > git show --textconv :polybar/config.ini [14ms]
2023-02-12 15:33:01.541 [info] > git ls-files --stage -- /home/amgad/beauty-dark-i3/polybar/config.ini [4ms]
2023-02-12 15:33:01.547 [info] > git cat-file -s 08158f394d828f3a1a9e58e58420f04dba6b8e94 [2ms]
2023-02-12 15:34:15.397 [info] > git show --textconv :polybar/launch.sh [10ms]
2023-02-12 15:34:15.398 [info] > git ls-files --stage -- /home/amgad/beauty-dark-i3/polybar/launch.sh [3ms]
2023-02-12 15:34:15.406 [info] > git cat-file -s 7bab9a2533655237eb71fd44f3766eaf5e5a6c77 [2ms]
2023-02-12 15:34:42.307 [info] > git show --textconv :config [6ms]
2023-02-12 15:34:42.308 [info] > git ls-files --stage -- /home/amgad/beauty-dark-i3/config [2ms]
2023-02-12 15:34:42.316 [info] > git cat-file -s d381c94ff46fbd816477b5ab00ad790c59592f30 [4ms]
2023-02-12 15:49:42.879 [info] > git show --textconv :polybar/config.ini [8ms]
2023-02-12 15:49:42.884 [info] > git ls-files --stage -- /home/amgad/beauty-dark-i3/polybar/config.ini [6ms]
2023-02-12 15:49:42.890 [info] > git cat-file -s 08158f394d828f3a1a9e58e58420f04dba6b8e94 [2ms]
2023-02-12 15:50:57.307 [info] > git show --textconv :polybar/launch.sh [10ms]
2023-02-12 15:50:57.308 [info] > git ls-files --stage -- /home/amgad/beauty-dark-i3/polybar/launch.sh [2ms]
2023-02-12 15:50:57.313 [info] > git cat-file -s 7bab9a2533655237eb71fd44f3766eaf5e5a6c77 [2ms]
2023-02-12 15:51:07.198 [info] > git show --textconv :polybar/config.ini [7ms]
2023-02-12 15:51:07.200 [info] > git ls-files --stage -- /home/amgad/beauty-dark-i3/polybar/config.ini [3ms]
2023-02-12 15:51:07.206 [info] > git cat-file -s 08158f394d828f3a1a9e58e58420f04dba6b8e94 [1ms]
2023-02-12 15:53:57.588 [info] > git show --textconv :polybar/launch.sh [8ms]
2023-02-12 15:53:57.590 [info] > git ls-files --stage -- /home/amgad/beauty-dark-i3/polybar/launch.sh [2ms]
2023-02-12 15:53:57.596 [info] > git cat-file -s 7bab9a2533655237eb71fd44f3766eaf5e5a6c77 [1ms]
2023-02-12 15:58:01.982 [info] > git show --textconv :config [6ms]
2023-02-12 15:58:01.983 [info] > git ls-files --stage -- /home/amgad/beauty-dark-i3/config [1ms]
2023-02-12 15:58:01.988 [info] > git cat-file -s d381c94ff46fbd816477b5ab00ad790c59592f30 [1ms]
2023-02-12 16:52:43.739 [info] > git rev-parse --show-toplevel [2ms]
2023-02-12 16:52:43.739 [info] fatal: not a git repository (or any parent up to mount point /)
Stopping at filesystem boundary (GIT_DISCOVERY_ACROSS_FILESYSTEM not set).
